2021-10-01 19:28:54 0 [Note] InnoDB: Mutexes and rw_locks use Windows interlocked functions
2021-10-01 19:28:54 0 [Note] InnoDB: Uses event mutexes
2021-10-01 19:28:54 0 [Note] InnoDB: Compressed tables use zlib 1.2.11
2021-10-01 19:28:54 0 [Note] InnoDB: Number of pools: 1
2021-10-01 19:28:54 0 [Note] InnoDB: Using SSE2 crc32 instructions
2021-10-01 19:28:54 0 [Note] InnoDB: Initializing buffer pool, total size = 16M, instances = 1, chunk size = 16M
2021-10-01 19:28:54 0 [Note] InnoDB: Completed initialization of buffer pool
2021-10-01 19:28:54 0 [Note] InnoDB: Starting crash recovery from checkpoint LSN=300288
2021-10-01 19:28:55 0 [Note] InnoDB: 128 out of 128 rollback segments are active.
2021-10-01 19:28:55 0 [Note] InnoDB: Removed temporary tablespace data file: "ibtmp1"
2021-10-01 19:28:55 0 [Note] InnoDB: Creating shared tablespace for temporary tables
2021-10-01 19:28:55 0 [Note] InnoDB: Setting file 'E:\Xampp\mysql\data\ibtmp1' size to 12 MB. Physically writing the file full; Please wait ...
2021-10-01 19:28:55 0 [Note] InnoDB: File 'E:\Xampp\mysql\data\ibtmp1' size is now 12 MB.
2021-10-01 19:28:57 0 [Note] InnoDB: Waiting for purge to start
2021-10-01 19:28:57 0 [Note] InnoDB: 10.4.21 started; log sequence number 300297; transaction id 170
2021-10-01 19:28:57 0 [Note] Plugin 'FEEDBACK' is disabled.
2021-10-01 19:28:57 0 [Note] Server socket created on IP: '::'.
2021-10-01 19:28:57 0 [ERROR] Can't start server: Bind on TCP/IP port. Got error: 10048: Solo se permite un uso de cada dirección de socket (protocolo/dirección de red/puerto)

2021-10-01 19:28:57 0 [ERROR] Do you already have another mysqld server running on port: 3306 ?
2021-10-01 19:28:57 0 [ERROR] Aborting
2021-10-01 19:29:11 0 [Note] InnoDB: Mutexes and rw_locks use Windows interlocked functions
2021-10-01 19:29:11 0 [Note] InnoDB: Uses event mutexes
2021-10-01 19:29:11 0 [Note] InnoDB: Compressed tables use zlib 1.2.11
2021-10-01 19:29:11 0 [Note] InnoDB: Number of pools: 1
2021-10-01 19:29:11 0 [Note] InnoDB: Using SSE2 crc32 instructions
2021-10-01 19:29:11 0 [Note] InnoDB: Initializing buffer pool, total size = 16M, instances = 1, chunk size = 16M
2021-10-01 19:29:11 0 [Note] InnoDB: Completed initialization of buffer pool
2021-10-01 19:29:11 0 [Note] InnoDB: 128 out of 128 rollback segments are active.
2021-10-01 19:29:11 0 [Note] InnoDB: Creating shared tablespace for temporary tables
2021-10-01 19:29:11 0 [Note] InnoDB: Setting file 'E:\Xampp\mysql\data\ibtmp1' size to 12 MB. Physically writing the file full; Please wait ...
2021-10-01 19:29:11 0 [Note] InnoDB: File 'E:\Xampp\mysql\data\ibtmp1' size is now 12 MB.
2021-10-01 19:29:13 0 [Note] InnoDB: Waiting for purge to start
2021-10-01 19:29:13 0 [Note] InnoDB: 10.4.21 started; log sequence number 300306; transaction id 170
2021-10-01 19:29:13 0 [Note] Plugin 'FEEDBACK' is disabled.
2021-10-01 19:29:13 0 [Note] InnoDB: Loading buffer pool(s) from E:\Xampp\mysql\data\ib_buffer_pool
2021-10-01 19:29:13 0 [Note] InnoDB: Buffer pool(s) load completed at 211001 19:29:13
2021-10-01 19:29:13 0 [Note] Server socket created on IP: '::'.
2021-10-01 19:29:13 0 [ERROR] Can't start server: Bind on TCP/IP port. Got error: 10048: Solo se permite un uso de cada dirección de socket (protocolo/dirección de red/puerto)

2021-10-01 19:29:13 0 [ERROR] Do you already have another mysqld server running on port: 3306 ?
2021-10-01 19:29:13 0 [ERROR] Aborting
2021-10-01 19:29:33 0 [Note] InnoDB: Mutexes and rw_locks use Windows interlocked functions
2021-10-01 19:29:33 0 [Note] InnoDB: Uses event mutexes
2021-10-01 19:29:33 0 [Note] InnoDB: Compressed tables use zlib 1.2.11
2021-10-01 19:29:33 0 [Note] InnoDB: Number of pools: 1
2021-10-01 19:29:33 0 [Note] InnoDB: Using SSE2 crc32 instructions
2021-10-01 19:29:33 0 [Note] InnoDB: Initializing buffer pool, total size = 16M, instances = 1, chunk size = 16M
2021-10-01 19:29:33 0 [Note] InnoDB: Completed initialization of buffer pool
2021-10-01 19:29:33 0 [Note] InnoDB: 128 out of 128 rollback segments are active.
2021-10-01 19:29:33 0 [Note] InnoDB: Creating shared tablespace for temporary tables
2021-10-01 19:29:33 0 [Note] InnoDB: Setting file 'E:\Xampp\mysql\data\ibtmp1' size to 12 MB. Physically writing the file full; Please wait ...
2021-10-01 19:29:33 0 [Note] InnoDB: File 'E:\Xampp\mysql\data\ibtmp1' size is now 12 MB.
2021-10-01 19:29:34 0 [Note] InnoDB: Waiting for purge to start
2021-10-01 19:29:34 0 [Note] InnoDB: 10.4.21 started; log sequence number 300315; transaction id 170
2021-10-01 19:29:34 0 [Note] Plugin 'FEEDBACK' is disabled.
2021-10-01 19:29:34 0 [Note] InnoDB: Loading buffer pool(s) from E:\Xampp\mysql\data\ib_buffer_pool
2021-10-01 19:29:34 0 [Note] InnoDB: Buffer pool(s) load completed at 211001 19:29:34
2021-10-01 19:29:34 0 [Note] Server socket created on IP: '::'.
2021-10-01 19:29:34 0 [ERROR] Can't start server: Bind on TCP/IP port. Got error: 10048: Solo se permite un uso de cada dirección de socket (protocolo/dirección de red/puerto)

2021-10-01 19:29:34 0 [ERROR] Do you already have another mysqld server running on port: 3306 ?
2021-10-01 19:29:34 0 [ERROR] Aborting
2021-10-01 19:29:39 0 [Note] InnoDB: Mutexes and rw_locks use Windows interlocked functions
2021-10-01 19:29:39 0 [Note] InnoDB: Uses event mutexes
2021-10-01 19:29:39 0 [Note] InnoDB: Compressed tables use zlib 1.2.11
2021-10-01 19:29:39 0 [Note] InnoDB: Number of pools: 1
2021-10-01 19:29:39 0 [Note] InnoDB: Using SSE2 crc32 instructions
2021-10-01 19:29:39 0 [Note] InnoDB: Initializing buffer pool, total size = 16M, instances = 1, chunk size = 16M
2021-10-01 19:29:39 0 [Note] InnoDB: Completed initialization of buffer pool
2021-10-01 19:29:39 0 [Note] InnoDB: 128 out of 128 rollback segments are active.
2021-10-01 19:29:39 0 [Note] InnoDB: Creating shared tablespace for temporary tables
2021-10-01 19:29:39 0 [Note] InnoDB: Setting file 'E:\Xampp\mysql\data\ibtmp1' size to 12 MB. Physically writing the file full; Please wait ...
2021-10-01 19:29:39 0 [Note] InnoDB: File 'E:\Xampp\mysql\data\ibtmp1' size is now 12 MB.
2021-10-01 19:29:40 0 [Note] InnoDB: Waiting for purge to start
2021-10-01 19:29:40 0 [Note] InnoDB: 10.4.21 started; log sequence number 300324; transaction id 170
2021-10-01 19:29:40 0 [Note] Plugin 'FEEDBACK' is disabled.
2021-10-01 19:29:40 0 [Note] InnoDB: Loading buffer pool(s) from E:\Xampp\mysql\data\ib_buffer_pool
2021-10-01 19:29:40 0 [Note] InnoDB: Buffer pool(s) load completed at 211001 19:29:40
2021-10-01 19:29:40 0 [Note] Server socket created on IP: '::'.
2021-10-01 19:29:40 0 [ERROR] Can't start server: Bind on TCP/IP port. Got error: 10048: Solo se permite un uso de cada dirección de socket (protocolo/dirección de red/puerto)

2021-10-01 19:29:40 0 [ERROR] Do you already have another mysqld server running on port: 3306 ?
2021-10-01 19:29:40 0 [ERROR] Aborting
2021-10-01 19:32:59 0 [Note] InnoDB: Mutexes and rw_locks use Windows interlocked functions
2021-10-01 19:32:59 0 [Note] InnoDB: Uses event mutexes
2021-10-01 19:32:59 0 [Note] InnoDB: Compressed tables use zlib 1.2.11
2021-10-01 19:32:59 0 [Note] InnoDB: Number of pools: 1
2021-10-01 19:32:59 0 [Note] InnoDB: Using SSE2 crc32 instructions
2021-10-01 19:32:59 0 [Note] InnoDB: Initializing buffer pool, total size = 16M, instances = 1, chunk size = 16M
2021-10-01 19:32:59 0 [Note] InnoDB: Completed initialization of buffer pool
2021-10-01 19:33:00 0 [Note] InnoDB: 128 out of 128 rollback segments are active.
2021-10-01 19:33:00 0 [Note] InnoDB: Creating shared tablespace for temporary tables
2021-10-01 19:33:00 0 [Note] InnoDB: Setting file 'E:\Xampp\mysql\data\ibtmp1' size to 12 MB. Physically writing the file full; Please wait ...
2021-10-01 19:33:00 0 [Note] InnoDB: File 'E:\Xampp\mysql\data\ibtmp1' size is now 12 MB.
2021-10-01 19:33:02 0 [Note] InnoDB: Waiting for purge to start
2021-10-01 19:33:02 0 [Note] InnoDB: 10.4.21 started; log sequence number 300333; transaction id 170
2021-10-01 19:33:02 0 [Note] InnoDB: Loading buffer pool(s) from E:\Xampp\mysql\data\ib_buffer_pool
2021-10-01 19:33:02 0 [Note] Plugin 'FEEDBACK' is disabled.
2021-10-01 19:33:02 0 [Note] InnoDB: Buffer pool(s) load completed at 211001 19:33:02
2021-10-01 19:33:02 0 [Note] Server socket created on IP: '::'.
2021-10-01 19:36:08 0 [ERROR] InnoDB: The innodb_system data file 'ibdata1' must be writable
2021-10-01 19:36:08 0 [ERROR] InnoDB: The innodb_system data file 'ibdata1' must be writable
2021-10-01 19:36:08 0 [ERROR] Plugin 'InnoDB' init function returned error.
2021-10-01 19:36:08 0 [ERROR] Plugin 'InnoDB' registration as a STORAGE ENGINE failed.
2021-10-01 19:36:08 0 [Note] Plugin 'FEEDBACK' is disabled.
2021-10-01 19:36:08 0 [ERROR] Unknown/unsupported storage engine: InnoDB
2021-10-01 19:36:08 0 [ERROR] Aborting
2021-10-01 19:36:33 0 [Note] InnoDB: Mutexes and rw_locks use Windows interlocked functions
2021-10-01 19:36:33 0 [Note] InnoDB: Uses event mutexes
2021-10-01 19:36:33 0 [Note] InnoDB: Compressed tables use zlib 1.2.11
2021-10-01 19:36:33 0 [Note] InnoDB: Number of pools: 1
2021-10-01 19:36:33 0 [Note] InnoDB: Using SSE2 crc32 instructions
2021-10-01 19:36:33 0 [Note] InnoDB: Initializing buffer pool, total size = 16M, instances = 1, chunk size = 16M
2021-10-01 19:36:33 0 [Note] InnoDB: Completed initialization of buffer pool
2021-10-01 19:36:33 0 [Note] InnoDB: Starting crash recovery from checkpoint LSN=300333
2021-10-01 19:36:33 0 [Note] InnoDB: 128 out of 128 rollback segments are active.
2021-10-01 19:36:33 0 [Note] InnoDB: Removed temporary tablespace data file: "ibtmp1"
2021-10-01 19:36:33 0 [Note] InnoDB: Creating shared tablespace for temporary tables
2021-10-01 19:36:33 0 [Note] InnoDB: Setting file 'E:\Xampp\mysql\data\ibtmp1' size to 12 MB. Physically writing the file full; Please wait ...
2021-10-01 19:36:33 0 [Note] InnoDB: File 'E:\Xampp\mysql\data\ibtmp1' size is now 12 MB.
2021-10-01 19:36:35 0 [Note] InnoDB: Waiting for purge to start
2021-10-01 19:36:35 0 [Note] InnoDB: 10.4.21 started; log sequence number 300342; transaction id 170
2021-10-01 19:36:35 0 [Note] InnoDB: Loading buffer pool(s) from E:\Xampp\mysql\data\ib_buffer_pool
2021-10-01 19:36:35 0 [Note] Plugin 'FEEDBACK' is disabled.
2021-10-01 19:36:35 0 [Note] InnoDB: Buffer pool(s) load completed at 211001 19:36:35
2021-10-01 19:36:35 0 [Note] Server socket created on IP: '::'.
2021-10-01 19:42:38 0 [Note] InnoDB: Mutexes and rw_locks use Windows interlocked functions
2021-10-01 19:42:38 0 [Note] InnoDB: Uses event mutexes
2021-10-01 19:42:38 0 [Note] InnoDB: Compressed tables use zlib 1.2.11
2021-10-01 19:42:38 0 [Note] InnoDB: Number of pools: 1
2021-10-01 19:42:38 0 [Note] InnoDB: Using SSE2 crc32 instructions
2021-10-01 19:42:38 0 [Note] InnoDB: Initializing buffer pool, total size = 16M, instances = 1, chunk size = 16M
2021-10-01 19:42:38 0 [Note] InnoDB: Completed initialization of buffer pool
2021-10-01 19:42:38 0 [Note] InnoDB: Starting crash recovery from checkpoint LSN=300351
2021-10-01 19:42:39 0 [Note] InnoDB: 128 out of 128 rollback segments are active.
2021-10-01 19:42:39 0 [Note] InnoDB: Removed temporary tablespace data file: "ibtmp1"
2021-10-01 19:42:39 0 [Note] InnoDB: Creating shared tablespace for temporary tables
2021-10-01 19:42:39 0 [Note] InnoDB: Setting file 'E:\Xampp\mysql\data\ibtmp1' size to 12 MB. Physically writing the file full; Please wait ...
2021-10-01 19:42:39 0 [Note] InnoDB: File 'E:\Xampp\mysql\data\ibtmp1' size is now 12 MB.
2021-10-01 19:42:39 0 [Note] InnoDB: Waiting for purge to start
2021-10-01 19:42:39 0 [Note] InnoDB: 10.4.21 started; log sequence number 300360; transaction id 170
2021-10-01 19:42:39 0 [Note] InnoDB: Loading buffer pool(s) from E:\Xampp\mysql\data\ib_buffer_pool
2021-10-01 19:42:39 0 [Note] Plugin 'FEEDBACK' is disabled.
2021-10-01 19:42:39 0 [Note] InnoDB: Buffer pool(s) load completed at 211001 19:42:39
2021-10-01 19:42:39 0 [Note] Server socket created on IP: '::'.
2021-10-01 19:45:25 0 [Note] InnoDB: Mutexes and rw_locks use Windows interlocked functions
2021-10-01 19:45:25 0 [Note] InnoDB: Uses event mutexes
2021-10-01 19:45:25 0 [Note] InnoDB: Compressed tables use zlib 1.2.11
2021-10-01 19:45:25 0 [Note] InnoDB: Number of pools: 1
2021-10-01 19:45:25 0 [Note] InnoDB: Using SSE2 crc32 instructions
2021-10-01 19:45:25 0 [Note] InnoDB: Initializing buffer pool, total size = 16M, instances = 1, chunk size = 16M
2021-10-01 19:45:25 0 [Note] InnoDB: Completed initialization of buffer pool
2021-10-01 19:45:25 0 [Note] InnoDB: Starting crash recovery from checkpoint LSN=300369
2021-10-01 19:45:25 0 [Note] InnoDB: 128 out of 128 rollback segments are active.
2021-10-01 19:45:25 0 [Note] InnoDB: Removed temporary tablespace data file: "ibtmp1"
2021-10-01 19:45:25 0 [Note] InnoDB: Creating shared tablespace for temporary tables
2021-10-01 19:45:25 0 [Note] InnoDB: Setting file 'E:\Xampp\mysql\data\ibtmp1' size to 12 MB. Physically writing the file full; Please wait ...
2021-10-01 19:45:25 0 [Note] InnoDB: File 'E:\Xampp\mysql\data\ibtmp1' size is now 12 MB.
2021-10-01 19:45:26 0 [Note] InnoDB: Waiting for purge to start
2021-10-01 19:45:26 0 [Note] InnoDB: 10.4.21 started; log sequence number 300378; transaction id 170
2021-10-01 19:45:26 0 [Note] InnoDB: Loading buffer pool(s) from E:\Xampp\mysql\data\ib_buffer_pool
2021-10-01 19:45:26 0 [Note] Plugin 'FEEDBACK' is disabled.
2021-10-01 19:45:26 0 [Note] InnoDB: Buffer pool(s) load completed at 211001 19:45:26
2021-10-01 19:45:26 0 [Note] Server socket created on IP: '::'.
2021-10-01 19:46:57 0 [Note] InnoDB: Mutexes and rw_locks use Windows interlocked functions
2021-10-01 19:46:57 0 [Note] InnoDB: Uses event mutexes
2021-10-01 19:46:57 0 [Note] InnoDB: Compressed tables use zlib 1.2.11
2021-10-01 19:46:57 0 [Note] InnoDB: Number of pools: 1
2021-10-01 19:46:57 0 [Note] InnoDB: Using SSE2 crc32 instructions
2021-10-01 19:46:57 0 [Note] InnoDB: Initializing buffer pool, total size = 16M, instances = 1, chunk size = 16M
2021-10-01 19:46:57 0 [Note] InnoDB: Completed initialization of buffer pool
2021-10-01 19:46:57 0 [Note] InnoDB: Starting crash recovery from checkpoint LSN=300387
2021-10-01 19:46:57 0 [Note] InnoDB: 128 out of 128 rollback segments are active.
2021-10-01 19:46:57 0 [Note] InnoDB: Removed temporary tablespace data file: "ibtmp1"
2021-10-01 19:46:57 0 [Note] InnoDB: Creating shared tablespace for temporary tables
2021-10-01 19:46:57 0 [Note] InnoDB: Setting file 'E:\Xampp\mysql\data\ibtmp1' size to 12 MB. Physically writing the file full; Please wait ...
2021-10-01 19:46:57 0 [Note] InnoDB: File 'E:\Xampp\mysql\data\ibtmp1' size is now 12 MB.
2021-10-01 19:46:57 0 [Note] InnoDB: Waiting for purge to start
2021-10-01 19:46:58 0 [Note] InnoDB: 10.4.21 started; log sequence number 300396; transaction id 170
2021-10-01 19:46:58 0 [Note] InnoDB: Loading buffer pool(s) from E:\Xampp\mysql\data\ib_buffer_pool
2021-10-01 19:46:58 0 [Note] Plugin 'FEEDBACK' is disabled.
2021-10-01 19:46:58 0 [Note] InnoDB: Buffer pool(s) load completed at 211001 19:46:58
2021-10-01 19:46:58 0 [Note] Server socket created on IP: '::'.
2021-10-01 19:48:33 0 [Note] InnoDB: Mutexes and rw_locks use Windows interlocked functions
2021-10-01 19:48:33 0 [Note] InnoDB: Uses event mutexes
2021-10-01 19:48:33 0 [Note] InnoDB: Compressed tables use zlib 1.2.11
2021-10-01 19:48:33 0 [Note] InnoDB: Number of pools: 1
2021-10-01 19:48:33 0 [Note] InnoDB: Using SSE2 crc32 instructions
2021-10-01 19:48:33 0 [Note] InnoDB: Initializing buffer pool, total size = 16M, instances = 1, chunk size = 16M
2021-10-01 19:48:33 0 [Note] InnoDB: Completed initialization of buffer pool
2021-10-01 19:48:33 0 [Note] InnoDB: Starting crash recovery from checkpoint LSN=301153
2021-10-01 19:48:34 0 [Note] InnoDB: 128 out of 128 rollback segments are active.
2021-10-01 19:48:34 0 [Note] InnoDB: Removed temporary tablespace data file: "ibtmp1"
2021-10-01 19:48:34 0 [Note] InnoDB: Creating shared tablespace for temporary tables
2021-10-01 19:48:34 0 [Note] InnoDB: Setting file 'E:\Xampp\mysql\data\ibtmp1' size to 12 MB. Physically writing the file full; Please wait ...
2021-10-01 19:48:34 0 [Note] InnoDB: File 'E:\Xampp\mysql\data\ibtmp1' size is now 12 MB.
2021-10-01 19:48:34 0 [Note] InnoDB: Waiting for purge to start
2021-10-01 19:48:34 0 [Note] InnoDB: 10.4.21 started; log sequence number 301162; transaction id 195
2021-10-01 19:48:34 0 [Note] InnoDB: Loading buffer pool(s) from E:\Xampp\mysql\data\ib_buffer_pool
2021-10-01 19:48:34 0 [Note] Plugin 'FEEDBACK' is disabled.
2021-10-01 19:48:34 0 [Note] InnoDB: Buffer pool(s) load completed at 211001 19:48:34
2021-10-01 19:48:34 0 [Note] Server socket created on IP: '::'.
2021-10-29 18:53:11 0 [Note] InnoDB: Mutexes and rw_locks use Windows interlocked functions
2021-10-29 18:53:11 0 [Note] InnoDB: Uses event mutexes
2021-10-29 18:53:11 0 [Note] InnoDB: Compressed tables use zlib 1.2.11
2021-10-29 18:53:11 0 [Note] InnoDB: Number of pools: 1
2021-10-29 18:53:11 0 [Note] InnoDB: Using SSE2 crc32 instructions
2021-10-29 18:53:11 0 [Note] InnoDB: Initializing buffer pool, total size = 16M, instances = 1, chunk size = 16M
2021-10-29 18:53:11 0 [Note] InnoDB: Completed initialization of buffer pool
2021-10-29 18:53:11 0 [Note] InnoDB: Starting crash recovery from checkpoint LSN=336583
2021-10-29 18:53:12 0 [Note] InnoDB: 128 out of 128 rollback segments are active.
2021-10-29 18:53:12 0 [Note] InnoDB: Removed temporary tablespace data file: "ibtmp1"
2021-10-29 18:53:12 0 [Note] InnoDB: Creating shared tablespace for temporary tables
2021-10-29 18:53:12 0 [Note] InnoDB: Setting file 'E:\Xampp\mysql\data\ibtmp1' size to 12 MB. Physically writing the file full; Please wait ...
2021-10-29 18:53:12 0 [Note] InnoDB: File 'E:\Xampp\mysql\data\ibtmp1' size is now 12 MB.
2021-10-29 18:53:14 0 [Note] InnoDB: Waiting for purge to start
2021-10-29 18:53:14 0 [Note] InnoDB: 10.4.21 started; log sequence number 336592; transaction id 316
2021-10-29 18:53:14 0 [Note] InnoDB: Loading buffer pool(s) from E:\Xampp\mysql\data\ib_buffer_pool
2021-10-29 18:53:14 0 [Note] Plugin 'FEEDBACK' is disabled.
2021-10-29 18:53:14 0 [Note] InnoDB: Buffer pool(s) load completed at 211029 18:53:14
2021-10-29 18:53:14 0 [Note] Server socket created on IP: '::'.
2021-10-29 18:53:15 0 [Note] Reading of all Master_info entries succeeded
2021-10-29 18:53:15 0 [Note] Added new Master_info '' to hash table
2021-10-29 18:53:15 0 [Note] mysql\bin\mysqld.exe: ready for connections.
Version: '10.4.21-MariaDB'  socket: ''  port: 3306  mariadb.org binary distribution
2021-10-29 18:53:29 0 [Note] InnoDB: Mutexes and rw_locks use Windows interlocked functions
2021-10-29 18:53:29 0 [Note] InnoDB: Uses event mutexes
2021-10-29 18:53:29 0 [Note] InnoDB: Compressed tables use zlib 1.2.11
2021-10-29 18:53:29 0 [Note] InnoDB: Number of pools: 1
2021-10-29 18:53:29 0 [Note] InnoDB: Using SSE2 crc32 instructions
2021-10-29 18:53:29 0 [Note] InnoDB: Initializing buffer pool, total size = 16M, instances = 1, chunk size = 16M
2021-10-29 18:53:29 0 [Note] InnoDB: Completed initialization of buffer pool
2021-10-29 18:53:29 0 [Note] InnoDB: Starting crash recovery from checkpoint LSN=336601
2021-10-29 18:53:29 0 [Note] InnoDB: 128 out of 128 rollback segments are active.
2021-10-29 18:53:29 0 [Note] InnoDB: Removed temporary tablespace data file: "ibtmp1"
2021-10-29 18:53:29 0 [Note] InnoDB: Creating shared tablespace for temporary tables
2021-10-29 18:53:29 0 [Note] InnoDB: Setting file 'E:\Xampp\mysql\data\ibtmp1' size to 12 MB. Physically writing the file full; Please wait ...
2021-10-29 18:53:29 0 [Note] InnoDB: File 'E:\Xampp\mysql\data\ibtmp1' size is now 12 MB.
2021-10-29 18:53:32 0 [Note] InnoDB: Waiting for purge to start
2021-10-29 18:53:32 0 [Note] InnoDB: 10.4.21 started; log sequence number 336610; transaction id 316
2021-10-29 18:53:32 0 [Note] InnoDB: Loading buffer pool(s) from E:\Xampp\mysql\data\ib_buffer_pool
2021-10-29 18:53:32 0 [Note] Plugin 'FEEDBACK' is disabled.
2021-10-29 18:53:32 0 [Note] Server socket created on IP: '::'.
2021-10-29 18:57:09 0 [ERROR] InnoDB: The innodb_system data file 'ibdata1' must be writable
2021-10-29 18:57:09 0 [ERROR] InnoDB: The innodb_system data file 'ibdata1' must be writable
2021-10-29 18:57:09 0 [ERROR] Plugin 'InnoDB' init function returned error.
2021-10-29 18:57:09 0 [ERROR] Plugin 'InnoDB' registration as a STORAGE ENGINE failed.
2021-10-29 18:57:09 0 [Note] Plugin 'FEEDBACK' is disabled.
2021-10-29 18:57:09 0 [ERROR] Unknown/unsupported storage engine: InnoDB
2021-10-29 18:57:09 0 [ERROR] Aborting
2021-10-29 18:57:24 0 [Note] InnoDB: Mutexes and rw_locks use Windows interlocked functions
2021-10-29 18:57:24 0 [Note] InnoDB: Uses event mutexes
2021-10-29 18:57:24 0 [Note] InnoDB: Compressed tables use zlib 1.2.11
2021-10-29 18:57:24 0 [Note] InnoDB: Number of pools: 1
2021-10-29 18:57:24 0 [Note] InnoDB: Using SSE2 crc32 instructions
2021-10-29 18:57:24 0 [Note] InnoDB: Initializing buffer pool, total size = 16M, instances = 1, chunk size = 16M
2021-10-29 18:57:24 0 [Note] InnoDB: Completed initialization of buffer pool
2021-10-29 18:57:24 0 [Note] InnoDB: Starting crash recovery from checkpoint LSN=336619
2021-10-29 18:57:24 0 [Note] InnoDB: 128 out of 128 rollback segments are active.
2021-10-29 18:57:24 0 [Note] InnoDB: Removed temporary tablespace data file: "ibtmp1"
2021-10-29 18:57:24 0 [Note] InnoDB: Creating shared tablespace for temporary tables
2021-10-29 18:57:24 0 [Note] InnoDB: Setting file 'E:\Xampp\mysql\data\ibtmp1' size to 12 MB. Physically writing the file full; Please wait ...
2021-10-29 18:57:24 0 [Note] InnoDB: File 'E:\Xampp\mysql\data\ibtmp1' size is now 12 MB.
2021-10-29 18:57:26 0 [Note] InnoDB: Waiting for purge to start
2021-10-29 18:57:27 0 [Note] InnoDB: 10.4.21 started; log sequence number 336628; transaction id 316
2021-10-29 18:57:27 0 [Note] InnoDB: Loading buffer pool(s) from E:\Xampp\mysql\data\ib_buffer_pool
2021-10-29 18:57:27 0 [Note] Plugin 'FEEDBACK' is disabled.
2021-10-29 18:57:27 0 [Note] InnoDB: Buffer pool(s) load completed at 211029 18:57:27
2021-10-29 18:57:27 0 [Note] Server socket created on IP: '::'.
2021-11-05 18:52:10 0 [Note] InnoDB: Mutexes and rw_locks use Windows interlocked functions
2021-11-05 18:52:10 0 [Note] InnoDB: Uses event mutexes
2021-11-05 18:52:10 0 [Note] InnoDB: Compressed tables use zlib 1.2.11
2021-11-05 18:52:10 0 [Note] InnoDB: Number of pools: 1
2021-11-05 18:52:10 0 [Note] InnoDB: Using SSE2 crc32 instructions
2021-11-05 18:52:10 0 [Note] InnoDB: Initializing buffer pool, total size = 16M, instances = 1, chunk size = 16M
2021-11-05 18:52:10 0 [Note] InnoDB: Completed initialization of buffer pool
2021-11-05 18:52:10 0 [Note] InnoDB: Starting crash recovery from checkpoint LSN=457001
2021-11-05 18:52:10 0 [Note] InnoDB: 128 out of 128 rollback segments are active.
2021-11-05 18:52:10 0 [Note] InnoDB: Removed temporary tablespace data file: "ibtmp1"
2021-11-05 18:52:10 0 [Note] InnoDB: Creating shared tablespace for temporary tables
2021-11-05 18:52:10 0 [Note] InnoDB: Setting file 'E:\Xampp\mysql\data\ibtmp1' size to 12 MB. Physically writing the file full; Please wait ...
2021-11-05 18:52:10 0 [Note] InnoDB: File 'E:\Xampp\mysql\data\ibtmp1' size is now 12 MB.
2021-11-05 18:52:12 0 [Note] InnoDB: Waiting for purge to start
2021-11-05 18:52:12 0 [Note] InnoDB: 10.4.21 started; log sequence number 457010; transaction id 710
2021-11-05 18:52:12 0 [Note] InnoDB: Loading buffer pool(s) from E:\Xampp\mysql\data\ib_buffer_pool
2021-11-05 18:52:12 0 [Note] Plugin 'FEEDBACK' is disabled.
2021-11-05 18:52:12 0 [Note] InnoDB: Buffer pool(s) load completed at 211105 18:52:12
2021-11-05 18:52:13 0 [Note] Server socket created on IP: '::'.
2021-11-12 18:57:27 0 [Note] InnoDB: Mutexes and rw_locks use Windows interlocked functions
2021-11-12 18:57:27 0 [Note] InnoDB: Uses event mutexes
2021-11-12 18:57:27 0 [Note] InnoDB: Compressed tables use zlib 1.2.11
2021-11-12 18:57:27 0 [Note] InnoDB: Number of pools: 1
2021-11-12 18:57:27 0 [Note] InnoDB: Using SSE2 crc32 instructions
2021-11-12 18:57:27 0 [Note] InnoDB: Initializing buffer pool, total size = 16M, instances = 1, chunk size = 16M
2021-11-12 18:57:27 0 [Note] InnoDB: Completed initialization of buffer pool
2021-11-12 18:57:27 0 [Note] InnoDB: Starting crash recovery from checkpoint LSN=486473
2021-11-12 18:57:28 0 [Note] InnoDB: 128 out of 128 rollback segments are active.
2021-11-12 18:57:28 0 [Note] InnoDB: Removed temporary tablespace data file: "ibtmp1"
2021-11-12 18:57:28 0 [Note] InnoDB: Creating shared tablespace for temporary tables
2021-11-12 18:57:28 0 [Note] InnoDB: Setting file 'E:\Xampp\mysql\data\ibtmp1' size to 12 MB. Physically writing the file full; Please wait ...
2021-11-12 18:57:28 0 [Note] InnoDB: File 'E:\Xampp\mysql\data\ibtmp1' size is now 12 MB.
2021-11-12 18:57:32 0 [Note] InnoDB: Waiting for purge to start
2021-11-12 18:57:32 0 [Note] InnoDB: 10.4.21 started; log sequence number 486482; transaction id 905
2021-11-12 18:57:32 0 [Note] InnoDB: Loading buffer pool(s) from E:\Xampp\mysql\data\ib_buffer_pool
2021-11-12 18:57:32 0 [Note] Plugin 'FEEDBACK' is disabled.
2021-11-12 18:57:32 0 [Note] InnoDB: Buffer pool(s) load completed at 211112 18:57:32
2021-11-12 18:57:32 0 [Note] Server socket created on IP: '::'.
2021-11-18 21:03:08 0 [Note] InnoDB: Mutexes and rw_locks use Windows interlocked functions
2021-11-18 21:03:08 0 [Note] InnoDB: Uses event mutexes
2021-11-18 21:03:08 0 [Note] InnoDB: Compressed tables use zlib 1.2.11
2021-11-18 21:03:08 0 [Note] InnoDB: Number of pools: 1
2021-11-18 21:03:08 0 [Note] InnoDB: Using SSE2 crc32 instructions
2021-11-18 21:03:08 0 [Note] InnoDB: Initializing buffer pool, total size = 16M, instances = 1, chunk size = 16M
2021-11-18 21:03:08 0 [Note] InnoDB: Completed initialization of buffer pool
2021-11-18 21:03:09 0 [Note] InnoDB: Starting crash recovery from checkpoint LSN=598811
2021-11-18 21:03:09 0 [Note] InnoDB: 128 out of 128 rollback segments are active.
2021-11-18 21:03:09 0 [Note] InnoDB: Removed temporary tablespace data file: "ibtmp1"
2021-11-18 21:03:09 0 [Note] InnoDB: Creating shared tablespace for temporary tables
2021-11-18 21:03:09 0 [Note] InnoDB: Setting file 'E:\Xampp\mysql\data\ibtmp1' size to 12 MB. Physically writing the file full; Please wait ...
2021-11-18 21:03:09 0 [Note] InnoDB: File 'E:\Xampp\mysql\data\ibtmp1' size is now 12 MB.
2021-11-18 21:03:11 0 [Note] InnoDB: Waiting for purge to start
2021-11-18 21:03:11 0 [Note] InnoDB: 10.4.21 started; log sequence number 598820; transaction id 1476
2021-11-18 21:03:11 0 [Note] InnoDB: Loading buffer pool(s) from E:\Xampp\mysql\data\ib_buffer_pool
2021-11-18 21:03:11 0 [Note] Plugin 'FEEDBACK' is disabled.
2021-11-18 21:03:11 0 [Note] Server socket created on IP: '::'.
2021-11-18 21:03:11 0 [No2021-11-19 18:48:55 0 [Note] InnoDB: Mutexes and rw_locks use Windows interlocked functions
2021-11-19 18:48:55 0 [Note] InnoDB: Uses event mutexes
2021-11-19 18:48:55 0 [Note] InnoDB: Compressed tables use zlib 1.2.11
2021-11-19 18:48:55 0 [Note] InnoDB: Number of pools: 1
2021-11-19 18:48:55 0 [Note] InnoDB: Using SSE2 crc32 instructions
2021-11-19 18:48:55 0 [Note] InnoDB: Initializing buffer pool, total size = 16M, instances = 1, chunk size = 16M
2021-11-19 18:48:55 0 [Note] InnoDB: Completed initialization of buffer pool
2021-11-19 18:48:55 0 [Note] InnoDB: Starting crash recovery from checkpoint LSN=643048
2021-11-19 18:48:56 0 [Note] InnoDB: 128 out of 128 rollback segments are active.
2021-11-19 18:48:57 0 [Note] InnoDB: Removed temporary tablespace data file: "ibtmp1"
2021-11-19 18:48:57 0 [Note] InnoDB: Creating shared tablespace for temporary tables
2021-11-19 18:48:58 0 [Note] InnoDB: Setting file 'E:\Xampp\mysql\data\ibtmp1' size to 12 MB. Physically writing the file full; Please wait ...
2021-11-19 18:48:58 0 [Note] InnoDB: File 'E:\Xampp\mysql\data\ibtmp1' size is now 12 MB.
2021-11-19 18:49:02 0 [Note] InnoDB: Waiting for purge to start
2021-11-19 18:49:02 0 [Note] InnoDB: 10.4.21 started; log sequence number 643057; transaction id 1639
2021-11-19 18:49:02 0 [Note] InnoDB: Loading buffer pool(s) from E:\Xampp\mysql\data\ib_buffer_pool
2021-11-19 18:49:02 0 [Note] Plugin 'FEEDBACK' is disabled.
2021-11-19 18:49:02 0 [Note] InnoDB: Buffer pool(s) load completed at 211119 18:49:02
2021-11-19 18:49:02 0 [Note] Server socket created on IP: '::'.
