01-Oct-2021 19:34:39.806 INFORMACIÓN [main] org.apache.catalina.startup.VersionLoggerListener.log Nombre de la versión del servidor: Apache Tomcat/8.5.70
01-Oct-2021 19:34:39.915 INFORMACIÓN [main] org.apache.catalina.startup.VersionLoggerListener.log Server built:                      Aug 9 2021 16:17:14 UTC
01-Oct-2021 19:34:39.915 INFORMACIÓN [main] org.apache.catalina.startup.VersionLoggerListener.log Número de versión de servidor:     8.5.70.0
01-Oct-2021 19:34:39.915 INFORMACIÓN [main] org.apache.catalina.startup.VersionLoggerListener.log OS Name:                           Windows 10
01-Oct-2021 19:34:39.915 INFORMACIÓN [main] org.apache.catalina.startup.VersionLoggerListener.log Versión de Systema Operativo:      10.0
01-Oct-2021 19:34:39.915 INFORMACIÓN [main] org.apache.catalina.startup.VersionLoggerListener.log Arquitectura:                      x86
01-Oct-2021 19:34:39.915 INFORMACIÓN [main] org.apache.catalina.startup.VersionLoggerListener.log Java Home:                         C:\Program Files (x86)\Java\jdk1.8.0_101\jre
01-Oct-2021 19:34:39.915 INFORMACIÓN [main] org.apache.catalina.startup.VersionLoggerListener.log JVM Version:                       1.8.0_101-b13
01-Oct-2021 19:34:39.915 INFORMACIÓN [main] org.apache.catalina.startup.VersionLoggerListener.log Vededor JVM:                       Oracle Corporation
01-Oct-2021 19:34:39.915 INFORMACIÓN [main] org.apache.catalina.startup.VersionLoggerListener.log CATALINA_BASE:                     E:\Xampp\tomcat
01-Oct-2021 19:34:39.931 INFORMACIÓN [main] org.apache.catalina.startup.VersionLoggerListener.log CATALINA_HOME:                     E:\Xampp\tomcat
01-Oct-2021 19:34:39.931 INFORMACIÓN [main] org.apache.catalina.startup.VersionLoggerListener.log Command line argument:             -Djava.util.logging.config.file=E:\Xampp\tomcat\conf\logging.properties
01-Oct-2021 19:34:39.931 INFORMACIÓN [main] org.apache.catalina.startup.VersionLoggerListener.log Command line argument:             -Djava.util.logging.manager=org.apache.juli.ClassLoaderLogManager
01-Oct-2021 19:34:39.931 INFORMACIÓN [main] org.apache.catalina.startup.VersionLoggerListener.log Command line argument:             -Djdk.tls.ephemeralDHKeySize=2048
01-Oct-2021 19:34:39.931 INFORMACIÓN [main] org.apache.catalina.startup.VersionLoggerListener.log Command line argument:             -Djava.protocol.handler.pkgs=org.apache.catalina.webresources
01-Oct-2021 19:34:39.931 INFORMACIÓN [main] org.apache.catalina.startup.VersionLoggerListener.log Command line argument:             -Dignore.endorsed.dirs=
01-Oct-2021 19:34:39.931 INFORMACIÓN [main] org.apache.catalina.startup.VersionLoggerListener.log Command line argument:             -Dcatalina.base=E:\Xampp\tomcat
01-Oct-2021 19:34:39.931 INFORMACIÓN [main] org.apache.catalina.startup.VersionLoggerListener.log Command line argument:             -Dcatalina.home=E:\Xampp\tomcat
01-Oct-2021 19:34:39.931 INFORMACIÓN [main] org.apache.catalina.startup.VersionLoggerListener.log Command line argument:             -Djava.io.tmpdir=E:\Xampp\tomcat\temp
01-Oct-2021 19:34:39.931 INFORMACIÓN [main] org.apache.catalina.core.AprLifecycleListener.lifecycleEvent La biblioteca nativa de Apache Tomcat basada en ARP que permite un rendimiento óptimo en entornos de desarrollo no ha sido hallada en java.library.path: [C:\Program Files (x86)\Java\jdk1.8.0_101\bin;C:\WINDOWS\Sun\Java\bin;C:\WINDOWS\system32;C:\WINDOWS;C:\Program Files\Common Files\Oracle\Java\javapath;C:\Program Files\Microsoft\jdk-11.0.12.7-hotspot\bin;C:\Program Files (x86)\NVIDIA Corporation\PhysX\Common;C:\Program Files\Eclipse Foundation\jdk-11.0.12.7-hotspot\bin;C:\Program Files (x86)\Common Files\Oracle\Java\javapath;C:\ProgramData\Oracle\Java\javapath;C:\WINDOWS\system32;C:\WINDOWS;C:\WINDOWS\System32\Wbem;C:\WINDOWS\System32\WindowsPowerShell\v1.0\;C:\WINDOWS\System32\OpenSSH\;C:\Program Files (x86)\Intel\Intel(R) Management Engine Components\DAL;C:\Program Files\Intel\Intel(R) Management Engine Components\DAL;C:\Program Files\nodejs\;C:\Users\0\AppData\Local\Programs\Python\Python39\Scripts\;C:\Users\0\AppData\Local\Programs\Python\Python39\;C:\Users\0\AppData\Local\Microsoft\WindowsApps;C:\Users\0\AppData\Local\Programs\Microsoft VS Code\bin;C:\Users\0\AppData\Roaming\npm;C:\Program Files\mingw-w64\x86_64-8.1.0-posix-seh-rt_v6-rev0\mingw64\Bin;C:\Program Files (x86)\apache-maven-3.8.2\bin;C:\Program Files (x86)\Java\jdk1.8.0_101\bin;;.]
01-Oct-2021 19:34:40.556 INFORMACIÓN [main] org.apache.coyote.AbstractProtocol.init Inicializando el manejador de protocolo ["http-nio-8080"]

01-Oct-2021 19:34:40.915 INFORMACIÓN [main] org.apache.tomcat.util.net.NioSelectorPool.getSharedSelector Using a shared selector for servlet write/read
01-Oct-2021 19:34:40.930 INFORMACIÓN [main] org.apache.catalina.startup.Catalina.load Initialization processed in 2289 ms
01-Oct-2021 19:34:41.009 INFORMACIÓN [main] org.apache.catalina.core.StandardService.startInternal Arrancando servicio [Catalina]
01-Oct-2021 19:34:41.009 INFORMACIÓN [main] org.apache.catalina.core.StandardEngine.startInternal Starting Servlet engine: [Apache Tomcat/8.5.70]
01-Oct-2021 19:34:41.118 INFORMACIÓN [localhost-startStop-1] org.apache.catalina.startup.HostConfig.deployDirectory Desplegando el directorio [E:\Xampp\tomcat\webapps\examples] de la aplicación web
01-Oct-2021 19:34:42.071 INFORMACIÓN [localhost-startStop-1] org.apache.catalina.startup.HostConfig.deployDirectory Deployment of web application directory [E:\Xampp\tomcat\webapps\examples] has finished in [953] ms
01-Oct-2021 19:34:42.071 INFORMACIÓN [localhost-startStop-1] org.apache.catalina.startup.HostConfig.deployDirectory Desplegando el directorio [E:\Xampp\tomcat\webapps\manager] de la aplicación web
01-Oct-2021 19:34:42.149 INFORMACIÓN [localhost-startStop-1] org.apache.catalina.startup.HostConfig.deployDirectory Deployment of web application directory [E:\Xampp\tomcat\webapps\manager] has finished in [78] ms
01-Oct-2021 19:34:42.149 INFORMACIÓN [localhost-startStop-1] org.apache.catalina.startup.HostConfig.deployDirectory Desplegando el directorio [E:\Xampp\tomcat\webapps\host-manager] de la aplicación web
01-Oct-2021 19:34:42.180 INFORMACIÓN [localhost-startStop-1] org.apache.catalina.startup.HostConfig.deployDirectory Deployment of web application directory [E:\Xampp\tomcat\webapps\host-manager] has finished in [31] ms
01-Oct-2021 19:34:42.180 INFORMACIÓN [localhost-startStop-1] org.apache.catalina.startup.HostConfig.deployDirectory Desplegando el directorio [E:\Xampp\tomcat\webapps\docs] de la aplicación web
01-Oct-2021 19:34:42.227 INFORMACIÓN [localhost-startStop-1] org.apache.catalina.startup.HostConfig.deployDirectory Deployment of web application directory [E:\Xampp\tomcat\webapps\docs] has finished in [47] ms
01-Oct-2021 19:34:42.227 INFORMACIÓN [localhost-startStop-1] org.apache.catalina.startup.HostConfig.deployDirectory Desplegando el directorio [E:\Xampp\tomcat\webapps\ROOT] de la aplicación web
01-Oct-2021 19:34:42.274 INFORMACIÓN [localhost-startStop-1] org.apache.catalina.startup.HostConfig.deployDirectory Deployment of web application directory [E:\Xampp\tomcat\webapps\ROOT] has finished in [47] ms
01-Oct-2021 19:34:42.274 INFORMACIÓN [main] org.apache.coyote.AbstractProtocol.start Starting ProtocolHandler ["http-nio-8080"]
01-Oct-2021 19:34:42.290 INFORMACIÓN [main] org.apache.catalina.startup.Catalina.start Server startup in 1359 ms
